14:01:32 INFO  : Registering command handlers for SDK TCF services
14:01:35 INFO  : Launching XSCT server: xsct -n -interactive /home/twinborn/Data/FPGA/PYNQ/xadc_pjt/xadc_pjt.sdk/temp_xsdb_launch_script.tcl
14:01:39 INFO  : XSCT server has started successfully.
14:01:44 INFO  : Successfully done setting XSCT server connection channel  
14:01:44 INFO  : Successfully done setting SDK workspace  
14:01:44 INFO  : Processing command line option -hwspec /home/twinborn/Data/FPGA/PYNQ/xadc_pjt/xadc_pjt.sdk/system_wrapper.hdf.
14:13:06 INFO  : Connected to target on host '127.0.0.1' and port '3121'.
14:13:09 INFO  : 'targets -set -filter {jtag_cable_name =~ "Xilinx PYNQ-Z1 003017AC8218A" && level==0} -index 1' command is executed.
14:13:11 INFO  : FPGA configured successfully with bitstream "/home/twinborn/Data/FPGA/PYNQ/xadc_pjt/xadc_pjt.sdk/system_wrapper_hw_platform_0/system_wrapper.bit"
14:13:53 INFO  : 'targets -set -filter {jtag_cable_name =~ "Xilinx PYNQ-Z1 003017AC8218A" && level==0} -index 1' command is executed.
14:13:53 INFO  : 'fpga -state' command is executed.
14:13:53 INFO  : Connected to target on host '127.0.0.1' and port '3121'.
14:14:12 INFO  : Jtag cable 'Xilinx PYNQ-Z1 003017AC8218A' is selected.
14:14:12 INFO  : 'jtag frequency' command is executed.
14:14:12 INFO  : Sourcing of '/home/twinborn/Data/FPGA/PYNQ/xadc_pjt/xadc_pjt.sdk/system_wrapper_hw_platform_0/ps7_init.tcl' is done.
14:14:12 INFO  : Context for 'APU' is selected.
14:14:15 INFO  : Hardware design information is loaded from '/home/twinborn/Data/FPGA/PYNQ/xadc_pjt/xadc_pjt.sdk/system_wrapper_hw_platform_0/system.hdf'.
14:14:15 INFO  : 'targets -set -filter {jtag_cable_name =~ "Xilinx PYNQ-Z1 003017AC8218A" && level==0} -index 1' command is executed.
14:14:15 INFO  : 'configparams force-mem-access 1' command is executed.
14:14:15 INFO  : 'fpga -state' command is executed.
14:14:15 INFO  : Context for 'APU' is selected.
14:14:15 INFO  : Connected to target on host '127.0.0.1' and port '3121'.
14:14:15 INFO  : 'stop' command is executed.
14:14:16 INFO  : 'ps7_init' command is executed.
14:14:16 INFO  : 'ps7_post_config' command is executed.
14:14:16 INFO  : Context for processor 'ps7_cortexa9_0' is selected.
14:14:16 INFO  : Processor reset is completed for 'ps7_cortexa9_0'.
14:14:16 INFO  : Context for processor 'ps7_cortexa9_0' is selected.
14:14:20 INFO  : The application '/home/twinborn/Data/FPGA/PYNQ/xadc_pjt/xadc_pjt.sdk/xadc_testcode/Debug/xadc_testcode.elf' is downloaded to processor 'ps7_cortexa9_0'.
14:14:20 INFO  : 'configparams force-mem-access 0' command is executed.
14:14:20 INFO  : ----------------XSDB Script----------------
connect -url tcp:127.0.0.1:3121
source /home/twinborn/Data/FPGA/PYNQ/xadc_pjt/xadc_pjt.sdk/system_wrapper_hw_platform_0/ps7_init.tcl
targets -set -nocase -filter {name =~"APU*" && jtag_cable_name =~ "Xilinx PYNQ-Z1 003017AC8218A"} -index 0
loadhw -hw /home/twinborn/Data/FPGA/PYNQ/xadc_pjt/xadc_pjt.sdk/system_wrapper_hw_platform_0/system.hdf -mem-ranges [list {0x40000000 0xbfffffff}]
configparams force-mem-access 1
targets -set -nocase -filter {name =~"APU*" && jtag_cable_name =~ "Xilinx PYNQ-Z1 003017AC8218A"} -index 0
stop
ps7_init
ps7_post_config
targets -set -nocase -filter {name =~ "ARM*#0" && jtag_cable_name =~ "Xilinx PYNQ-Z1 003017AC8218A"} -index 0
rst -processor
targets -set -nocase -filter {name =~ "ARM*#0" && jtag_cable_name =~ "Xilinx PYNQ-Z1 003017AC8218A"} -index 0
dow /home/twinborn/Data/FPGA/PYNQ/xadc_pjt/xadc_pjt.sdk/xadc_testcode/Debug/xadc_testcode.elf
configparams force-mem-access 0
----------------End of Script----------------

14:14:20 INFO  : Memory regions updated for context APU
14:14:23 INFO  : Context for processor 'ps7_cortexa9_0' is selected.
14:14:23 INFO  : 'con' command is executed.
14:14:23 INFO  : ----------------XSDB Script (After Launch)----------------
targets -set -nocase -filter {name =~ "ARM*#0" && jtag_cable_name =~ "Xilinx PYNQ-Z1 003017AC8218A"} -index 0
con
----------------End of Script----------------

14:14:23 INFO  : Launch script is exported to file '/home/twinborn/Data/FPGA/PYNQ/xadc_pjt/xadc_pjt.sdk/.sdk/launch_scripts/xilinx_c-c++_application_(system_debugger)/system_debugger_using_debug_xadc_testcode.elf_on_local.tcl'
14:14:35 INFO  : Jtag cable 'Xilinx PYNQ-Z1 003017AC8218A' is selected.
14:14:35 INFO  : 'jtag frequency' command is executed.
14:14:35 INFO  : Sourcing of '/home/twinborn/Data/FPGA/PYNQ/xadc_pjt/xadc_pjt.sdk/system_wrapper_hw_platform_0/ps7_init.tcl' is done.
14:14:35 INFO  : Context for 'APU' is selected.
14:14:35 INFO  : Hardware design information is loaded from '/home/twinborn/Data/FPGA/PYNQ/xadc_pjt/xadc_pjt.sdk/system_wrapper_hw_platform_0/system.hdf'.
14:14:35 INFO  : 'configparams force-mem-access 1' command is executed.
14:14:35 INFO  : Context for 'APU' is selected.
14:14:35 INFO  : 'stop' command is executed.
14:14:36 INFO  : 'ps7_init' command is executed.
14:14:36 INFO  : 'ps7_post_config' command is executed.
14:14:36 INFO  : Context for processor 'ps7_cortexa9_0' is selected.
14:14:36 INFO  : Processor reset is completed for 'ps7_cortexa9_0'.
14:14:36 INFO  : Context for processor 'ps7_cortexa9_0' is selected.
14:14:36 INFO  : The application '/home/twinborn/Data/FPGA/PYNQ/xadc_pjt/xadc_pjt.sdk/xadc_testcode/Debug/xadc_testcode.elf' is downloaded to processor 'ps7_cortexa9_0'.
14:14:36 INFO  : 'configparams force-mem-access 0' command is executed.
14:14:36 INFO  : ----------------XSDB Script----------------
connect -url tcp:127.0.0.1:3121
source /home/twinborn/Data/FPGA/PYNQ/xadc_pjt/xadc_pjt.sdk/system_wrapper_hw_platform_0/ps7_init.tcl
targets -set -nocase -filter {name =~"APU*" && jtag_cable_name =~ "Xilinx PYNQ-Z1 003017AC8218A"} -index 0
loadhw -hw /home/twinborn/Data/FPGA/PYNQ/xadc_pjt/xadc_pjt.sdk/system_wrapper_hw_platform_0/system.hdf -mem-ranges [list {0x40000000 0xbfffffff}]
configparams force-mem-access 1
targets -set -nocase -filter {name =~"APU*" && jtag_cable_name =~ "Xilinx PYNQ-Z1 003017AC8218A"} -index 0
stop
ps7_init
ps7_post_config
targets -set -nocase -filter {name =~ "ARM*#0" && jtag_cable_name =~ "Xilinx PYNQ-Z1 003017AC8218A"} -index 0
rst -processor
targets -set -nocase -filter {name =~ "ARM*#0" && jtag_cable_name =~ "Xilinx PYNQ-Z1 003017AC8218A"} -index 0
dow /home/twinborn/Data/FPGA/PYNQ/xadc_pjt/xadc_pjt.sdk/xadc_testcode/Debug/xadc_testcode.elf
configparams force-mem-access 0
----------------End of Script----------------

14:14:36 INFO  : Memory regions updated for context APU
14:14:36 INFO  : Context for processor 'ps7_cortexa9_0' is selected.
14:14:36 INFO  : 'con' command is executed.
14:14:36 INFO  : ----------------XSDB Script (After Launch)----------------
targets -set -nocase -filter {name =~ "ARM*#0" && jtag_cable_name =~ "Xilinx PYNQ-Z1 003017AC8218A"} -index 0
con
----------------End of Script----------------

14:14:36 INFO  : Launch script is exported to file '/home/twinborn/Data/FPGA/PYNQ/xadc_pjt/xadc_pjt.sdk/.sdk/launch_scripts/xilinx_c-c++_application_(system_debugger)/system_debugger_using_debug_xadc_testcode.elf_on_local.tcl'
14:14:53 INFO  : Disconnected from the channel tcfchan#1.
14:28:15 INFO  : 'targets -set -filter {jtag_cable_name =~ "Xilinx PYNQ-Z1 003017AC8218A" && level==0} -index 1' command is executed.
14:28:15 INFO  : 'fpga -state' command is executed.
14:28:15 INFO  : Connected to target on host '127.0.0.1' and port '3121'.
14:28:33 INFO  : Jtag cable 'Xilinx PYNQ-Z1 003017AC8218A' is selected.
14:28:33 INFO  : 'jtag frequency' command is executed.
14:28:33 INFO  : Sourcing of '/home/twinborn/Data/FPGA/PYNQ/xadc_pjt/xadc_pjt.sdk/system_wrapper_hw_platform_0/ps7_init.tcl' is done.
14:28:33 INFO  : Context for 'APU' is selected.
14:28:35 INFO  : Hardware design information is loaded from '/home/twinborn/Data/FPGA/PYNQ/xadc_pjt/xadc_pjt.sdk/system_wrapper_hw_platform_0/system.hdf'.
14:28:35 INFO  : 'configparams force-mem-access 1' command is executed.
14:28:35 INFO  : Context for 'APU' is selected.
14:28:35 INFO  : 'stop' command is executed.
14:28:35 INFO  : 'ps7_init' command is executed.
14:28:35 INFO  : 'ps7_post_config' command is executed.
14:28:35 INFO  : Context for processor 'ps7_cortexa9_0' is selected.
14:28:35 INFO  : Processor reset is completed for 'ps7_cortexa9_0'.
14:28:35 INFO  : Context for processor 'ps7_cortexa9_0' is selected.
14:28:35 INFO  : The application '/home/twinborn/Data/FPGA/PYNQ/xadc_pjt/xadc_pjt.sdk/xadc_testcode/Debug/xadc_testcode.elf' is downloaded to processor 'ps7_cortexa9_0'.
14:28:35 INFO  : 'configparams force-mem-access 0' command is executed.
14:28:35 INFO  : ----------------XSDB Script----------------
connect -url tcp:127.0.0.1:3121
source /home/twinborn/Data/FPGA/PYNQ/xadc_pjt/xadc_pjt.sdk/system_wrapper_hw_platform_0/ps7_init.tcl
targets -set -nocase -filter {name =~"APU*" && jtag_cable_name =~ "Xilinx PYNQ-Z1 003017AC8218A"} -index 0
loadhw -hw /home/twinborn/Data/FPGA/PYNQ/xadc_pjt/xadc_pjt.sdk/system_wrapper_hw_platform_0/system.hdf -mem-ranges [list {0x40000000 0xbfffffff}]
configparams force-mem-access 1
targets -set -nocase -filter {name =~"APU*" && jtag_cable_name =~ "Xilinx PYNQ-Z1 003017AC8218A"} -index 0
stop
ps7_init
ps7_post_config
targets -set -nocase -filter {name =~ "ARM*#0" && jtag_cable_name =~ "Xilinx PYNQ-Z1 003017AC8218A"} -index 0
rst -processor
targets -set -nocase -filter {name =~ "ARM*#0" && jtag_cable_name =~ "Xilinx PYNQ-Z1 003017AC8218A"} -index 0
dow /home/twinborn/Data/FPGA/PYNQ/xadc_pjt/xadc_pjt.sdk/xadc_testcode/Debug/xadc_testcode.elf
configparams force-mem-access 0
----------------End of Script----------------

14:28:35 INFO  : Memory regions updated for context APU
14:28:36 INFO  : Context for processor 'ps7_cortexa9_0' is selected.
14:28:36 INFO  : 'con' command is executed.
14:28:36 INFO  : ----------------XSDB Script (After Launch)----------------
targets -set -nocase -filter {name =~ "ARM*#0" && jtag_cable_name =~ "Xilinx PYNQ-Z1 003017AC8218A"} -index 0
con
----------------End of Script----------------

14:28:36 INFO  : Launch script is exported to file '/home/twinborn/Data/FPGA/PYNQ/xadc_pjt/xadc_pjt.sdk/.sdk/launch_scripts/xilinx_c-c++_application_(system_debugger)/system_debugger_using_debug_xadc_testcode.elf_on_local.tcl'
14:28:56 INFO  : Disconnected from the channel tcfchan#2.
14:29:37 INFO  : 'targets -set -filter {jtag_cable_name =~ "Xilinx PYNQ-Z1 003017AC8218A" && level==0} -index 1' command is executed.
14:29:37 INFO  : 'fpga -state' command is executed.
14:29:37 INFO  : Connected to target on host '127.0.0.1' and port '3121'.
14:29:56 INFO  : Jtag cable 'Xilinx PYNQ-Z1 003017AC8218A' is selected.
14:29:56 INFO  : 'jtag frequency' command is executed.
14:29:56 INFO  : Sourcing of '/home/twinborn/Data/FPGA/PYNQ/xadc_pjt/xadc_pjt.sdk/system_wrapper_hw_platform_0/ps7_init.tcl' is done.
14:29:56 INFO  : Context for 'APU' is selected.
14:29:57 INFO  : Hardware design information is loaded from '/home/twinborn/Data/FPGA/PYNQ/xadc_pjt/xadc_pjt.sdk/system_wrapper_hw_platform_0/system.hdf'.
14:29:57 INFO  : 'configparams force-mem-access 1' command is executed.
14:29:57 INFO  : Context for 'APU' is selected.
14:29:57 INFO  : 'stop' command is executed.
14:29:58 INFO  : 'ps7_init' command is executed.
14:29:58 INFO  : 'ps7_post_config' command is executed.
14:29:58 INFO  : Context for processor 'ps7_cortexa9_0' is selected.
14:29:58 INFO  : Processor reset is completed for 'ps7_cortexa9_0'.
14:29:58 INFO  : Context for processor 'ps7_cortexa9_0' is selected.
14:29:58 INFO  : The application '/home/twinborn/Data/FPGA/PYNQ/xadc_pjt/xadc_pjt.sdk/xadc_testcode/Debug/xadc_testcode.elf' is downloaded to processor 'ps7_cortexa9_0'.
14:29:58 INFO  : 'configparams force-mem-access 0' command is executed.
14:29:58 INFO  : ----------------XSDB Script----------------
connect -url tcp:127.0.0.1:3121
source /home/twinborn/Data/FPGA/PYNQ/xadc_pjt/xadc_pjt.sdk/system_wrapper_hw_platform_0/ps7_init.tcl
targets -set -nocase -filter {name =~"APU*" && jtag_cable_name =~ "Xilinx PYNQ-Z1 003017AC8218A"} -index 0
loadhw -hw /home/twinborn/Data/FPGA/PYNQ/xadc_pjt/xadc_pjt.sdk/system_wrapper_hw_platform_0/system.hdf -mem-ranges [list {0x40000000 0xbfffffff}]
configparams force-mem-access 1
targets -set -nocase -filter {name =~"APU*" && jtag_cable_name =~ "Xilinx PYNQ-Z1 003017AC8218A"} -index 0
stop
ps7_init
ps7_post_config
targets -set -nocase -filter {name =~ "ARM*#0" && jtag_cable_name =~ "Xilinx PYNQ-Z1 003017AC8218A"} -index 0
rst -processor
targets -set -nocase -filter {name =~ "ARM*#0" && jtag_cable_name =~ "Xilinx PYNQ-Z1 003017AC8218A"} -index 0
dow /home/twinborn/Data/FPGA/PYNQ/xadc_pjt/xadc_pjt.sdk/xadc_testcode/Debug/xadc_testcode.elf
configparams force-mem-access 0
----------------End of Script----------------

14:29:58 INFO  : Memory regions updated for context APU
14:29:58 INFO  : Context for processor 'ps7_cortexa9_0' is selected.
14:29:58 INFO  : 'con' command is executed.
14:29:58 INFO  : ----------------XSDB Script (After Launch)----------------
targets -set -nocase -filter {name =~ "ARM*#0" && jtag_cable_name =~ "Xilinx PYNQ-Z1 003017AC8218A"} -index 0
con
----------------End of Script----------------

14:29:58 INFO  : Launch script is exported to file '/home/twinborn/Data/FPGA/PYNQ/xadc_pjt/xadc_pjt.sdk/.sdk/launch_scripts/xilinx_c-c++_application_(system_debugger)/system_debugger_using_debug_xadc_testcode.elf_on_local.tcl'
14:32:17 INFO  : Disconnected from the channel tcfchan#3.
